<?xml version="1.0" encoding="UTF-8"?>
<testsuite name="tdd.fizzbuzz.FizzBuzzTest" tests="1" skipped="0" failures="0" errors="0" timestamp="2022-09-01T06:14:18" hostname="MNLITA12-W10" time="0.025">
  <properties/>
  <testcase name="should_return_Buzz_when_when_count_off_given_number_5()" classname="tdd.fizzbuzz.FizzBuzzTest" time="0.025"/>
  <system-out><![CDATA[]]></system-out>
  <system-err><![CDATA[]]></system-err>
</testsuite>
